[10:41:10.346] [INFO] storybook v10.4.6
[10:41:11.409] [DEBUG] Getting package.json info for C:/Alex/MAPCOLONIES/shared-components/package.json...
[10:41:11.414] [WARN] You are currently using Storybook [1m10.4.6[22m but you have packages which are incompatible with it:

- storybook-addon-mock@6.0.1 which depends on ^9.0.12

Please consider updating your packages or contacting the maintainers for compatibility details.

For more details on compatibility guidance, see:
https://github.com/storybookjs/storybook/issues/32836
[10:41:12.179] [DEBUG] Serving static files from [36mpublic[39m at [36m/[39m
[10:41:12.179] [INFO] Starting...
[10:41:12.699] [ERROR] [38;2;241;97;97mError: Build failed with 1 error:
../../node_modules/storybook-addon-mock/dist/esm/components/MockItem/index.js:6:44: ERROR: Could not resolve "@storybook/addon-docs/blocks"[39m
    at failureErrorWithLog (C:\Alex\MAPCOLONIES\shared-components\node_modules\storybook\node_modules\esbuild\lib\main.js:1748:15)
    at C:\Alex\MAPCOLONIES\shared-components\node_modules\storybook\node_modules\esbuild\lib\main.js:1207:25
    at runOnEndCallbacks (C:\Alex\MAPCOLONIES\shared-components\node_modules\storybook\node_modules\esbuild\lib\main.js:1588:45)
    at buildResponseToResult (C:\Alex\MAPCOLONIES\shared-components\node_modules\storybook\node_modules\esbuild\lib\main.js:1205:7)
    at C:\Alex\MAPCOLONIES\shared-components\node_modules\storybook\node_modules\esbuild\lib\main.js:1232:16
    at responseCallbacks.<computed> (C:\Alex\MAPCOLONIES\shared-components\node_modules\storybook\node_modules\esbuild\lib\main.js:884:9)
    at handleIncomingPacket (C:\Alex\MAPCOLONIES\shared-components\node_modules\storybook\node_modules\esbuild\lib\main.js:939:12)
    at Socket.readFromStdout (C:\Alex\MAPCOLONIES\shared-components\node_modules\storybook\node_modules\esbuild\lib\main.js:862:7)
    at Socket.emit (node:events:508:28)
    at addChunk (node:internal/streams/readable:559:12)
[10:41:12.700] [WARN] Broken build, fix the error above.
You may need to refresh the browser.